<?xml version="1.0" encoding="UTF-8"?>
<testsuite xmlns:xsi="http://www.w3.org/2001/XMLSchema-instance" xsi:noNamespaceSchemaLocation="https://maven.apache.org/surefire/maven-surefire-plugin/xsd/surefire-test-report.xsd" name="CucumberTest.featureFiles.AppTest" time="0.443" tests="1" errors="0" skipped="0" failures="0">
  <properties>
    <property name="sun.desktop" value="windows"/>
    <property name="awt.toolkit" value="sun.awt.windows.WToolkit"/>
    <property name="file.encoding.pkg" value="sun.io"/>
    <property name="java.specification.version" value="1.8"/>
    <property name="sun.cpu.isalist" value="amd64"/>
    <property name="sun.jnu.encoding" value="Cp1252"/>
    <property name="java.class.path" value="C:\workplace\CucumberMyTest\target\test-classes;C:\workplace\CucumberMyTest\target\classes;C:\Users\285971\.m2\repository\junit\junit\4.11\junit-4.11.jar;C:\Users\285971\.m2\repository\org\hamcrest\hamcrest-core\1.3\hamcrest-core-1.3.jar;C:\Users\285971\.m2\repository\org\seleniumhq\selenium\selenium-java\3.141.59\selenium-java-3.141.59.jar;C:\Users\285971\.m2\repository\org\seleniumhq\selenium\selenium-api\3.141.59\selenium-api-3.141.59.jar;C:\Users\285971\.m2\repository\org\seleniumhq\selenium\selenium-chrome-driver\3.141.59\selenium-chrome-driver-3.141.59.jar;C:\Users\285971\.m2\repository\org\seleniumhq\selenium\selenium-edge-driver\3.141.59\selenium-edge-driver-3.141.59.jar;C:\Users\285971\.m2\repository\org\seleniumhq\selenium\selenium-firefox-driver\3.141.59\selenium-firefox-driver-3.141.59.jar;C:\Users\285971\.m2\repository\org\seleniumhq\selenium\selenium-ie-driver\3.141.59\selenium-ie-driver-3.141.59.jar;C:\Users\285971\.m2\repository\org\seleniumhq\selenium\selenium-opera-driver\3.141.59\selenium-opera-driver-3.141.59.jar;C:\Users\285971\.m2\repository\org\seleniumhq\selenium\selenium-remote-driver\3.141.59\selenium-remote-driver-3.141.59.jar;C:\Users\285971\.m2\repository\org\seleniumhq\selenium\selenium-safari-driver\3.141.59\selenium-safari-driver-3.141.59.jar;C:\Users\285971\.m2\repository\org\seleniumhq\selenium\selenium-support\3.141.59\selenium-support-3.141.59.jar;C:\Users\285971\.m2\repository\net\bytebuddy\byte-buddy\1.8.15\byte-buddy-1.8.15.jar;C:\Users\285971\.m2\repository\org\apache\commons\commons-exec\1.3\commons-exec-1.3.jar;C:\Users\285971\.m2\repository\com\google\guava\guava\25.0-jre\guava-25.0-jre.jar;C:\Users\285971\.m2\repository\com\google\code\findbugs\jsr305\1.3.9\jsr305-1.3.9.jar;C:\Users\285971\.m2\repository\org\checkerframework\checker-compat-qual\2.0.0\checker-compat-qual-2.0.0.jar;C:\Users\285971\.m2\repository\com\google\errorprone\error_prone_annotations\2.1.3\error_prone_annotations-2.1.3.jar;C:\Users\285971\.m2\repository\com\google\j2objc\j2objc-annotations\1.1\j2objc-annotations-1.1.jar;C:\Users\285971\.m2\repository\org\codehaus\mojo\animal-sniffer-annotations\1.14\animal-sniffer-annotations-1.14.jar;C:\Users\285971\.m2\repository\com\squareup\okhttp3\okhttp\3.11.0\okhttp-3.11.0.jar;C:\Users\285971\.m2\repository\com\squareup\okio\okio\1.14.0\okio-1.14.0.jar;C:\Users\285971\.m2\repository\info\cukes\cucumber-java\1.2.5\cucumber-java-1.2.5.jar;C:\Users\285971\.m2\repository\info\cukes\cucumber-core\1.2.5\cucumber-core-1.2.5.jar;C:\Users\285971\.m2\repository\info\cukes\cucumber-html\0.2.3\cucumber-html-0.2.3.jar;C:\Users\285971\.m2\repository\info\cukes\cucumber-jvm-deps\1.0.5\cucumber-jvm-deps-1.0.5.jar;C:\Users\285971\.m2\repository\info\cukes\gherkin\2.12.2\gherkin-2.12.2.jar;C:\Users\285971\.m2\repository\io\cucumber\cucumber-testng\6.10.4\cucumber-testng-6.10.4.jar;C:\Users\285971\.m2\repository\org\apiguardian\apiguardian-api\1.1.1\apiguardian-api-1.1.1.jar;C:\Users\285971\.m2\repository\io\cucumber\cucumber-core\6.10.4\cucumber-core-6.10.4.jar;C:\Users\285971\.m2\repository\io\cucumber\cucumber-gherkin\6.10.4\cucumber-gherkin-6.10.4.jar;C:\Users\285971\.m2\repository\io\cucumber\cucumber-gherkin-messages\6.10.4\cucumber-gherkin-messages-6.10.4.jar;C:\Users\285971\.m2\repository\io\cucumber\messages\15.0.0\messages-15.0.0.jar;C:\Users\285971\.m2\repository\io\cucumber\tag-expressions\3.0.1\tag-expressions-3.0.1.jar;C:\Users\285971\.m2\repository\io\cucumber\cucumber-expressions\10.3.0\cucumber-expressions-10.3.0.jar;C:\Users\285971\.m2\repository\io\cucumber\datatable\3.5.0\datatable-3.5.0.jar;C:\Users\285971\.m2\repository\io\cucumber\cucumber-plugin\6.10.4\cucumber-plugin-6.10.4.jar;C:\Users\285971\.m2\repository\io\cucumber\docstring\6.10.4\docstring-6.10.4.jar;C:\Users\285971\.m2\repository\io\cucumber\html-formatter\13.0.0\html-formatter-13.0.0.jar;C:\Users\285971\.m2\repository\io\cucumber\create-meta\4.0.0\create-meta-4.0.0.jar;C:\Users\285971\.m2\repository\info\cukes\cucumber-junit\1.2.5\cucumber-junit-1.2.5.jar;C:\Users\285971\.m2\repository\com\aventstack\extentreports-cucumber4-adapter\1.0.7\extentreports-cucumber4-adapter-1.0.7.jar;C:\Users\285971\.m2\repository\io\cucumber\cucumber-java\4.0.1\cucumber-java-4.0.1.jar;C:\Users\285971\.m2\repository\org\mongodb\mongodb-driver\3.3.0\mongodb-driver-3.3.0.jar;C:\Users\285971\.m2\repository\org\mongodb\bson\3.3.0\bson-3.3.0.jar;C:\Users\285971\.m2\repository\org\mongodb\mongodb-driver-core\3.3.0\mongodb-driver-core-3.3.0.jar;C:\Users\285971\.m2\repository\com\aventstack\extentreports\3.0.6\extentreports-3.0.6.jar;C:\Users\285971\.m2\repository\org\freemarker\freemarker\2.3.23\freemarker-2.3.23.jar;C:\Users\285971\.m2\repository\org\apache\httpcomponents\httpclient\4.5.2\httpclient-4.5.2.jar;C:\Users\285971\.m2\repository\org\apache\httpcomponents\httpcore\4.4.4\httpcore-4.4.4.jar;C:\Users\285971\.m2\repository\commons-logging\commons-logging\1.2\commons-logging-1.2.jar;C:\Users\285971\.m2\repository\commons-codec\commons-codec\1.9\commons-codec-1.9.jar;C:\Users\285971\.m2\repository\org\apache\httpcomponents\httpmime\4.5.2\httpmime-4.5.2.jar;C:\Users\285971\.m2\repository\org\jsoup\jsoup\1.9.2\jsoup-1.9.2.jar;C:\Users\285971\.m2\repository\com\vimalselvam\cucumber-extentsreport\3.0.2\cucumber-extentsreport-3.0.2.jar;C:\Users\285971\.m2\repository\commons-io\commons-io\2.11.0\commons-io-2.11.0.jar;C:\Users\285971\.m2\repository\org\testng\testng\7.1.0\testng-7.1.0.jar;C:\Users\285971\.m2\repository\com\beust\jcommander\1.72\jcommander-1.72.jar;C:\Users\285971\.m2\repository\com\google\inject\guice\4.1.0\guice-4.1.0-no_aop.jar;C:\Users\285971\.m2\repository\javax\inject\javax.inject\1\javax.inject-1.jar;C:\Users\285971\.m2\repository\aopalliance\aopalliance\1.0\aopalliance-1.0.jar;C:\Users\285971\.m2\repository\org\yaml\snakeyaml\1.21\snakeyaml-1.21.jar;"/>
    <property name="java.vm.vendor" value="Oracle Corporation"/>
    <property name="sun.arch.data.model" value="64"/>
    <property name="user.variant" value=""/>
    <property name="java.vendor.url" value="http://java.oracle.com/"/>
    <property name="user.timezone" value="Asia/Calcutta"/>
    <property name="java.vm.specification.version" value="1.8"/>
    <property name="os.name" value="Windows 10"/>
    <property name="user.country" value="IN"/>
    <property name="sun.java.launcher" value="SUN_STANDARD"/>
    <property name="sun.boot.library.path" value="C:\Program Files\Java\jdk1.8.0_311\jre\bin"/>
    <property name="sun.java.command" value="C:\Users\285971\AppData\Local\Temp\surefire7560839038611133022\surefirebooter9043844981151609779.jar C:\Users\285971\AppData\Local\Temp\surefire7560839038611133022 2022-06-13T16-41-34_534-jvmRun1 surefire4715084135069471555tmp surefire_01968358856483359628tmp"/>
    <property name="surefire.test.class.path" value="C:\workplace\CucumberMyTest\target\test-classes;C:\workplace\CucumberMyTest\target\classes;C:\Users\285971\.m2\repository\junit\junit\4.11\junit-4.11.jar;C:\Users\285971\.m2\repository\org\hamcrest\hamcrest-core\1.3\hamcrest-core-1.3.jar;C:\Users\285971\.m2\repository\org\seleniumhq\selenium\selenium-java\3.141.59\selenium-java-3.141.59.jar;C:\Users\285971\.m2\repository\org\seleniumhq\selenium\selenium-api\3.141.59\selenium-api-3.141.59.jar;C:\Users\285971\.m2\repository\org\seleniumhq\selenium\selenium-chrome-driver\3.141.59\selenium-chrome-driver-3.141.59.jar;C:\Users\285971\.m2\repository\org\seleniumhq\selenium\selenium-edge-driver\3.141.59\selenium-edge-driver-3.141.59.jar;C:\Users\285971\.m2\repository\org\seleniumhq\selenium\selenium-firefox-driver\3.141.59\selenium-firefox-driver-3.141.59.jar;C:\Users\285971\.m2\repository\org\seleniumhq\selenium\selenium-ie-driver\3.141.59\selenium-ie-driver-3.141.59.jar;C:\Users\285971\.m2\repository\org\seleniumhq\selenium\selenium-opera-driver\3.141.59\selenium-opera-driver-3.141.59.jar;C:\Users\285971\.m2\repository\org\seleniumhq\selenium\selenium-remote-driver\3.141.59\selenium-remote-driver-3.141.59.jar;C:\Users\285971\.m2\repository\org\seleniumhq\selenium\selenium-safari-driver\3.141.59\selenium-safari-driver-3.141.59.jar;C:\Users\285971\.m2\repository\org\seleniumhq\selenium\selenium-support\3.141.59\selenium-support-3.141.59.jar;C:\Users\285971\.m2\repository\net\bytebuddy\byte-buddy\1.8.15\byte-buddy-1.8.15.jar;C:\Users\285971\.m2\repository\org\apache\commons\commons-exec\1.3\commons-exec-1.3.jar;C:\Users\285971\.m2\repository\com\google\guava\guava\25.0-jre\guava-25.0-jre.jar;C:\Users\285971\.m2\repository\com\google\code\findbugs\jsr305\1.3.9\jsr305-1.3.9.jar;C:\Users\285971\.m2\repository\org\checkerframework\checker-compat-qual\2.0.0\checker-compat-qual-2.0.0.jar;C:\Users\285971\.m2\repository\com\google\errorprone\error_prone_annotations\2.1.3\error_prone_annotations-2.1.3.jar;C:\Users\285971\.m2\repository\com\google\j2objc\j2objc-annotations\1.1\j2objc-annotations-1.1.jar;C:\Users\285971\.m2\repository\org\codehaus\mojo\animal-sniffer-annotations\1.14\animal-sniffer-annotations-1.14.jar;C:\Users\285971\.m2\repository\com\squareup\okhttp3\okhttp\3.11.0\okhttp-3.11.0.jar;C:\Users\285971\.m2\repository\com\squareup\okio\okio\1.14.0\okio-1.14.0.jar;C:\Users\285971\.m2\repository\info\cukes\cucumber-java\1.2.5\cucumber-java-1.2.5.jar;C:\Users\285971\.m2\repository\info\cukes\cucumber-core\1.2.5\cucumber-core-1.2.5.jar;C:\Users\285971\.m2\repository\info\cukes\cucumber-html\0.2.3\cucumber-html-0.2.3.jar;C:\Users\285971\.m2\repository\info\cukes\cucumber-jvm-deps\1.0.5\cucumber-jvm-deps-1.0.5.jar;C:\Users\285971\.m2\repository\info\cukes\gherkin\2.12.2\gherkin-2.12.2.jar;C:\Users\285971\.m2\repository\io\cucumber\cucumber-testng\6.10.4\cucumber-testng-6.10.4.jar;C:\Users\285971\.m2\repository\org\apiguardian\apiguardian-api\1.1.1\apiguardian-api-1.1.1.jar;C:\Users\285971\.m2\repository\io\cucumber\cucumber-core\6.10.4\cucumber-core-6.10.4.jar;C:\Users\285971\.m2\repository\io\cucumber\cucumber-gherkin\6.10.4\cucumber-gherkin-6.10.4.jar;C:\Users\285971\.m2\repository\io\cucumber\cucumber-gherkin-messages\6.10.4\cucumber-gherkin-messages-6.10.4.jar;C:\Users\285971\.m2\repository\io\cucumber\messages\15.0.0\messages-15.0.0.jar;C:\Users\285971\.m2\repository\io\cucumber\tag-expressions\3.0.1\tag-expressions-3.0.1.jar;C:\Users\285971\.m2\repository\io\cucumber\cucumber-expressions\10.3.0\cucumber-expressions-10.3.0.jar;C:\Users\285971\.m2\repository\io\cucumber\datatable\3.5.0\datatable-3.5.0.jar;C:\Users\285971\.m2\repository\io\cucumber\cucumber-plugin\6.10.4\cucumber-plugin-6.10.4.jar;C:\Users\285971\.m2\repository\io\cucumber\docstring\6.10.4\docstring-6.10.4.jar;C:\Users\285971\.m2\repository\io\cucumber\html-formatter\13.0.0\html-formatter-13.0.0.jar;C:\Users\285971\.m2\repository\io\cucumber\create-meta\4.0.0\create-meta-4.0.0.jar;C:\Users\285971\.m2\repository\info\cukes\cucumber-junit\1.2.5\cucumber-junit-1.2.5.jar;C:\Users\285971\.m2\repository\com\aventstack\extentreports-cucumber4-adapter\1.0.7\extentreports-cucumber4-adapter-1.0.7.jar;C:\Users\285971\.m2\repository\io\cucumber\cucumber-java\4.0.1\cucumber-java-4.0.1.jar;C:\Users\285971\.m2\repository\org\mongodb\mongodb-driver\3.3.0\mongodb-driver-3.3.0.jar;C:\Users\285971\.m2\repository\org\mongodb\bson\3.3.0\bson-3.3.0.jar;C:\Users\285971\.m2\repository\org\mongodb\mongodb-driver-core\3.3.0\mongodb-driver-core-3.3.0.jar;C:\Users\285971\.m2\repository\com\aventstack\extentreports\3.0.6\extentreports-3.0.6.jar;C:\Users\285971\.m2\repository\org\freemarker\freemarker\2.3.23\freemarker-2.3.23.jar;C:\Users\285971\.m2\repository\org\apache\httpcomponents\httpclient\4.5.2\httpclient-4.5.2.jar;C:\Users\285971\.m2\repository\org\apache\httpcomponents\httpcore\4.4.4\httpcore-4.4.4.jar;C:\Users\285971\.m2\repository\commons-logging\commons-logging\1.2\commons-logging-1.2.jar;C:\Users\285971\.m2\repository\commons-codec\commons-codec\1.9\commons-codec-1.9.jar;C:\Users\285971\.m2\repository\org\apache\httpcomponents\httpmime\4.5.2\httpmime-4.5.2.jar;C:\Users\285971\.m2\repository\org\jsoup\jsoup\1.9.2\jsoup-1.9.2.jar;C:\Users\285971\.m2\repository\com\vimalselvam\cucumber-extentsreport\3.0.2\cucumber-extentsreport-3.0.2.jar;C:\Users\285971\.m2\repository\commons-io\commons-io\2.11.0\commons-io-2.11.0.jar;C:\Users\285971\.m2\repository\org\testng\testng\7.1.0\testng-7.1.0.jar;C:\Users\285971\.m2\repository\com\beust\jcommander\1.72\jcommander-1.72.jar;C:\Users\285971\.m2\repository\com\google\inject\guice\4.1.0\guice-4.1.0-no_aop.jar;C:\Users\285971\.m2\repository\javax\inject\javax.inject\1\javax.inject-1.jar;C:\Users\285971\.m2\repository\aopalliance\aopalliance\1.0\aopalliance-1.0.jar;C:\Users\285971\.m2\repository\org\yaml\snakeyaml\1.21\snakeyaml-1.21.jar;"/>
    <property name="sun.cpu.endian" value="little"/>
    <property name="user.home" value="C:\Users\285971"/>
    <property name="user.language" value="en"/>
    <property name="java.specification.vendor" value="Oracle Corporation"/>
    <property name="java.home" value="C:\Program Files\Java\jdk1.8.0_311\jre"/>
    <property name="basedir" value="C:\workplace\CucumberMyTest"/>
    <property name="file.separator" value="\"/>
    <property name="line.separator" value="&#10;"/>
    <property name="java.vm.specification.vendor" value="Oracle Corporation"/>
    <property name="java.specification.name" value="Java Platform API Specification"/>
    <property name="java.awt.graphicsenv" value="sun.awt.Win32GraphicsEnvironment"/>
    <property name="surefire.real.class.path" value="C:\Users\285971\AppData\Local\Temp\surefire7560839038611133022\surefirebooter9043844981151609779.jar"/>
    <property name="sun.boot.class.path" value="C:\Program Files\Java\jdk1.8.0_311\jre\lib\resources.jar;C:\Program Files\Java\jdk1.8.0_311\jre\lib\rt.jar;C:\Program Files\Java\jdk1.8.0_311\jre\lib\sunrsasign.jar;C:\Program Files\Java\jdk1.8.0_311\jre\lib\jsse.jar;C:\Program Files\Java\jdk1.8.0_311\jre\lib\jce.jar;C:\Program Files\Java\jdk1.8.0_311\jre\lib\charsets.jar;C:\Program Files\Java\jdk1.8.0_311\jre\lib\jfr.jar;C:\Program Files\Java\jdk1.8.0_311\jre\classes"/>
    <property name="user.script" value=""/>
    <property name="sun.management.compiler" value="HotSpot 64-Bit Tiered Compilers"/>
    <property name="java.runtime.version" value="1.8.0_311-b11"/>
    <property name="user.name" value="285971"/>
    <property name="path.separator" value=";"/>
    <property name="os.version" value="10.0"/>
    <property name="java.endorsed.dirs" value="C:\Program Files\Java\jdk1.8.0_311\jre\lib\endorsed"/>
    <property name="java.runtime.name" value="Java(TM) SE Runtime Environment"/>
    <property name="file.encoding" value="Cp1252"/>
    <property name="java.vm.name" value="Java HotSpot(TM) 64-Bit Server VM"/>
    <property name="localRepository" value="C:\Users\285971\.m2\repository"/>
    <property name="java.vendor.url.bug" value="http://bugreport.sun.com/bugreport/"/>
    <property name="java.io.tmpdir" value="C:\Users\285971\AppData\Local\Temp\"/>
    <property name="java.version" value="1.8.0_311"/>
    <property name="user.dir" value="C:\workplace\CucumberMyTest"/>
    <property name="os.arch" value="amd64"/>
    <property name="java.vm.specification.name" value="Java Virtual Machine Specification"/>
    <property name="java.awt.printerjob" value="sun.awt.windows.WPrinterJob"/>
    <property name="sun.os.patch.level" value=""/>
    <property name="java.library.path" value="C:\Program Files\Java\jdk1.8.0_311\jre\bin;C:\Windows\Sun\Java\bin;C:\Windows\system32;C:\Windows;C:/Users/285971/.p2/pool/plugins/org.eclipse.justj.openjdk.hotspot.jre.full.win32.x86_64_17.0.1.v20211116-1657/jre/bin/server;C:/Users/285971/.p2/pool/plugins/org.eclipse.justj.openjdk.hotspot.jre.full.win32.x86_64_17.0.1.v20211116-1657/jre/bin;C:\Program Files (x86)\Common Files\Oracle\Java\javapath;C:\Windows\system32;C:\Windows;C:\Windows\System32\Wbem;C:\Windows\System32\WindowsPowerShell\v1.0\;C:\Windows\System32\OpenSSH\;C:\Program Files\Git\cmd;C:\Maven\apache-maven-3.8.5-bin\apache-maven-3.8.5\bin;C:\Users\285971\AppData\Local\Microsoft\WindowsApps;;C:\Users\285971\Desktop;;."/>
    <property name="java.vm.info" value="mixed mode"/>
    <property name="java.vendor" value="Oracle Corporation"/>
    <property name="java.vm.version" value="25.311-b11"/>
    <property name="java.ext.dirs" value="C:\Program Files\Java\jdk1.8.0_311\jre\lib\ext;C:\Windows\Sun\Java\lib\ext"/>
    <property name="sun.io.unicode.encoding" value="UnicodeLittle"/>
    <property name="java.class.version" value="52.0"/>
  </properties>
  <testcase name="shouldAnswerWithTrue on shouldAnswerWithTrue(CucumberTest.featureFiles.AppTest)" classname="CucumberTest.featureFiles.AppTest" time="0.002"/>
</testsuite>