<?xml version="1.0" encoding="UTF-8"?>
<!-- Generated by org.testng.reporters.JUnitReportReporter -->
<testsuite skipped="0" hostname="CND1166CNH" name="CucumberTest.featureFiles.AppTest" tests="1" failures="0" timestamp="2022-06-13T16:41:35 IST" time="0.005" errors="0">
  <testcase name="shouldAnswerWithTrue" time="0.005" classname="CucumberTest.featureFiles.AppTest"/>
  <system-out/>
</testsuite> <!-- CucumberTest.featureFiles.AppTest -->
